<?xml version="1.0" encoding="UTF-8"?>
<!-- Generated by org.testng.reporters.JUnitXMLReporter -->
<testsuite hostname="SIJAJAIN-LAP" name="Test" tests="6" failures="0" timestamp="22 Mar 2015 19:15:55 GMT" time="1.061" errors="0">
  <testcase name="@BeforeMethod setUp" time="0.0" classname="com.teammates.studentgrademanager.test.SimpleTest">
    <failure type="java.lang.RuntimeException" message="Could not contact Selenium Server; have you started it on &amp;apos;localhost:4444&amp;apos; ?
Read more at http://seleniumhq.org/projects/remote-control/not-started.html
Connection refused: connect">
      <![CDATA[java.lang.RuntimeException: Could not contact Selenium Server; have you started it on 'localhost:4444' ?
Read more at http://seleniumhq.org/projects/remote-control/not-started.html
Connection refused: connect
	at com.thoughtworks.selenium.DefaultSelenium.start(DefaultSelenium.java:104)
	at com.teammates.studentgrademanager.test.SimpleTest.setUp(SimpleTest.java:21)
... Removed 25 stack frames]]>
    </failure>
  </testcase> <!-- @BeforeMethod setUp -->
  <testcase name="@AfterMethod tearDown" time="0.0" classname="com.teammates.studentgrademanager.test.SimpleTest">
    <skipped/>
  </testcase> <!-- @AfterMethod tearDown -->
  <testcase name="@BeforeMethod setUp" time="0.0" classname="com.teammates.studentgrademanager.test.SimpleTest">
    <skipped/>
  </testcase> <!-- @BeforeMethod setUp -->
  <testcase name="@AfterMethod tearDown" time="0.0" classname="com.teammates.studentgrademanager.test.SimpleTest">
    <skipped/>
  </testcase> <!-- @AfterMethod tearDown -->
  <testcase name="@BeforeMethod setUp" time="0.0" classname="com.teammates.studentgrademanager.test.SimpleTest">
    <skipped/>
  </testcase> <!-- @BeforeMethod setUp -->
  <testcase name="@AfterMethod tearDown" time="0.0" classname="com.teammates.studentgrademanager.test.SimpleTest">
    <skipped/>
  </testcase> <!-- @AfterMethod tearDown -->
  <testcase name="@BeforeMethod setUp" time="0.0" classname="com.teammates.studentgrademanager.test.SimpleTest">
    <skipped/>
  </testcase> <!-- @BeforeMethod setUp -->
  <testcase name="@AfterMethod tearDown" time="0.0" classname="com.teammates.studentgrademanager.test.SimpleTest">
    <skipped/>
  </testcase> <!-- @AfterMethod tearDown -->
  <testcase name="@BeforeMethod setUp" time="0.0" classname="com.teammates.studentgrademanager.test.SimpleTest">
    <skipped/>
  </testcase> <!-- @BeforeMethod setUp -->
  <testcase name="@AfterMethod tearDown" time="0.0" classname="com.teammates.studentgrademanager.test.SimpleTest">
    <skipped/>
  </testcase> <!-- @AfterMethod tearDown -->
  <testcase name="@BeforeMethod setUp" time="0.0" classname="com.teammates.studentgrademanager.test.SimpleTest">
    <skipped/>
  </testcase> <!-- @BeforeMethod setUp -->
  <testcase name="@AfterMethod tearDown" time="0.0" classname="com.teammates.studentgrademanager.test.SimpleTest">
    <skipped/>
  </testcase> <!-- @AfterMethod tearDown -->
  <testcase name="testAdminRegister" time="0.0" classname="com.teammates.studentgrademanager.test.SimpleTest">
    <skipped/>
  </testcase> <!-- testAdminRegister -->
  <testcase name="testAdminLogin" time="0.0" classname="com.teammates.studentgrademanager.test.SimpleTest">
    <skipped/>
  </testcase> <!-- testAdminLogin -->
  <testcase name="testStudentRegister" time="0.0" classname="com.teammates.studentgrademanager.test.SimpleTest">
    <skipped/>
  </testcase> <!-- testStudentRegister -->
  <testcase name="testUpdateStudentRecordTest1" time="0.0" classname="com.teammates.studentgrademanager.test.SimpleTest">
    <skipped/>
  </testcase> <!-- testUpdateStudentRecordTest1 -->
  <testcase name="testUpdateStudentRecordTest2" time="0.0" classname="com.teammates.studentgrademanager.test.SimpleTest">
    <skipped/>
  </testcase> <!-- testUpdateStudentRecordTest2 -->
  <testcase name="testStudentLoginLogoutTest" time="0.0" classname="com.teammates.studentgrademanager.test.SimpleTest">
    <skipped/>
  </testcase> <!-- testStudentLoginLogoutTest -->
</testsuite> <!-- Test -->
